  glm.cpp
  glm.cppm
C:\Users\konrad_guest\source\repos\MDS\Dependencies\include\glm\glm.cppm(1,7): error C4430: missing type specifier - int assumed. Note: C++ does not support default-int
C:\Users\konrad_guest\source\repos\MDS\Dependencies\include\glm\glm.cppm(10,1): error C3378: a declaration can be exported only from a module interface unit
C:\Users\konrad_guest\source\repos\MDS\Dependencies\include\glm\glm.cppm(10,18): error C4430: missing type specifier - int assumed. Note: C++ does not support default-int
C:\Users\konrad_guest\source\repos\MDS\Dependencies\include\glm\glm.cppm(10,8): error C2086: 'int module': redefinition
  C:\Users\konrad_guest\source\repos\MDS\Dependencies\include\glm\glm.cppm(1,1):
  see declaration of 'module'
  
C:\Users\konrad_guest\source\repos\MDS\Dependencies\include\glm\glm.cppm(10,15): error C2146: syntax error: missing ';' before identifier 'glm'
C:\Users\konrad_guest\source\repos\MDS\Dependencies\include\glm\glm.cppm(12,1): error C3378: a declaration can be exported only from a module interface unit
C:\Users\konrad_guest\source\repos\MDS\Dependencies\include\glm\glm.cppm(2672,1): error C3378: a declaration can be exported only from a module interface unit
  main.cpp
C:\Users\konrad_guest\source\repos\MDS\vector_operations.h(34,18): warning C4244: 'return': conversion from 'double' to 'float', possible loss of data
  (compiling source file 'main.cpp')
  
C:\Users\konrad_guest\source\repos\MDS\vector_operations.h(53,18): warning C4244: 'return': conversion from 'double' to 'int', possible loss of data
  (compiling source file 'main.cpp')
  
C:\Users\konrad_guest\source\repos\MDS\vector_operations.h(102,26): warning C4244: 'return': conversion from 'double' to 'float', possible loss of data
  (compiling source file 'main.cpp')
  
C:\Users\konrad_guest\source\repos\MDS\main.cpp(164,21): warning C4244: 'initializing': conversion from 'double' to 'float', possible loss of data
C:\Users\konrad_guest\source\repos\MDS\main.cpp(206,25): warning C4244: 'initializing': conversion from 'double' to 'float', possible loss of data
C:\Users\konrad_guest\source\repos\MDS\main.cpp(360,51): warning C4244: 'argument': conversion from 'double' to 'float', possible loss of data
C:\Users\konrad_guest\source\repos\MDS\main.cpp(361,54): warning C4244: 'argument': conversion from 'real' to 'float', possible loss of data
C:\Users\konrad_guest\source\repos\MDS\main.cpp(365,51): warning C4244: 'argument': conversion from 'double' to 'float', possible loss of data
C:\Users\konrad_guest\source\repos\MDS\main.cpp(663,37): warning C4244: '=': conversion from 'real' to 'int', possible loss of data
  Generating Code...
C:\Users\konrad_guest\source\repos\MDS\main.cpp(302,1): warning C4715: 'Simulation': not all control paths return a value
